<?xml version="1.0" encoding="UTF-8"?>
<testng-results ignored="0" total="5" passed="3" failed="2" skipped="0">
  <reporter-output>
  </reporter-output>
  <suite started-at="2026-02-06T16:14:18 GMT+07:00" name="Default suite" finished-at="2026-02-06T16:14:56 GMT+07:00" duration-ms="37775">
    <groups>
    </groups>
    <test started-at="2026-02-06T16:14:18 GMT+07:00" name="Default test" finished-at="2026-02-06T16:14:56 GMT+07:00" duration-ms="37775">
      <class name="Railway.LoginTest">
        <test-method is-config="true" signature="beforeMethod()[pri:0, instance:Railway.LoginTest@47af7f3d]" started-at="2026-02-06T16:14:18 GMT+07:00" name="beforeMethod" finished-at="2026-02-06T16:14:21 GMT+07:00" duration-ms="2350" status="PASS">
          <reporter-output>
          </reporter-output>
        </test-method> <!-- beforeMethod -->
        <test-method signature="TC01()[pri:0, instance:Railway.LoginTest@47af7f3d]" started-at="2026-02-06T16:14:21 GMT+07:00" name="TC01" finished-at="2026-02-06T16:14:25 GMT+07:00" duration-ms="4787" status="PASS">
          <reporter-output>
          </reporter-output>
        </test-method> <!-- TC01 -->
        <test-method is-config="true" signature="afterMethod()[pri:0, instance:Railway.LoginTest@47af7f3d]" started-at="2026-02-06T16:14:25 GMT+07:00" name="afterMethod" finished-at="2026-02-06T16:14:25 GMT+07:00" duration-ms="1" status="PASS">
          <reporter-output>
          </reporter-output>
        </test-method> <!-- afterMethod -->
        <test-method is-config="true" signature="beforeMethod()[pri:0, instance:Railway.LoginTest@47af7f3d]" started-at="2026-02-06T16:14:25 GMT+07:00" name="beforeMethod" finished-at="2026-02-06T16:14:26 GMT+07:00" duration-ms="978" status="PASS">
          <reporter-output>
          </reporter-output>
        </test-method> <!-- beforeMethod -->
        <test-method signature="TC02()[pri:0, instance:Railway.LoginTest@47af7f3d]" started-at="2026-02-06T16:14:26 GMT+07:00" name="TC02" finished-at="2026-02-06T16:14:31 GMT+07:00" duration-ms="4997" status="PASS">
          <reporter-output>
          </reporter-output>
        </test-method> <!-- TC02 -->
        <test-method is-config="true" signature="afterMethod()[pri:0, instance:Railway.LoginTest@47af7f3d]" started-at="2026-02-06T16:14:31 GMT+07:00" name="afterMethod" finished-at="2026-02-06T16:14:31 GMT+07:00" duration-ms="0" status="PASS">
          <reporter-output>
          </reporter-output>
        </test-method> <!-- afterMethod -->
        <test-method is-config="true" signature="beforeMethod()[pri:0, instance:Railway.LoginTest@47af7f3d]" started-at="2026-02-06T16:14:31 GMT+07:00" name="beforeMethod" finished-at="2026-02-06T16:14:33 GMT+07:00" duration-ms="1206" status="PASS">
          <reporter-output>
          </reporter-output>
        </test-method> <!-- beforeMethod -->
        <test-method signature="TC03()[pri:0, instance:Railway.LoginTest@47af7f3d]" started-at="2026-02-06T16:14:33 GMT+07:00" name="TC03" finished-at="2026-02-06T16:14:40 GMT+07:00" duration-ms="7133" status="FAIL">
          <exception class="java.lang.AssertionError">
            <message>
              <![CDATA[Welcome message is not displayed as expected expected [There was a problem with your login and/or errors exist in your form.] but found [Invalid username or password. Please try again.]]]>
            </message>
            <full-stacktrace>
              <![CDATA[java.lang.AssertionError: Welcome message is not displayed as expected expected [There was a problem with your login and/or errors exist in your form.] but found [Invalid username or password. Please try again.]
at org.testng.Assert.fail(Assert.java:111)
at org.testng.Assert.failNotEquals(Assert.java:1590)
at org.testng.Assert.assertEqualsImpl(Assert.java:150)
at org.testng.Assert.assertEquals(Assert.java:132)
at org.testng.Assert.assertEquals(Assert.java:656)
at Railway.LoginTest.TC03(LoginTest.java:91)
at java.base/jdk.internal.reflect.DirectMethodHandleAccessor.invoke(DirectMethodHandleAccessor.java:104)
at java.base/java.lang.reflect.Method.invoke(Method.java:565)
at org.testng.internal.invokers.MethodInvocationHelper.invokeMethod(MethodInvocationHelper.java:141)
at org.testng.internal.invokers.TestInvoker.invokeMethod(TestInvoker.java:697)
at org.testng.internal.invokers.TestInvoker.invokeTestMethod(TestInvoker.java:230)
at org.testng.internal.invokers.MethodRunner.runInSequence(MethodRunner.java:63)
at org.testng.internal.invokers.TestInvoker$MethodInvocationAgent.invoke(TestInvoker.java:1005)
at org.testng.internal.invokers.TestInvoker.invokeTestMethods(TestInvoker.java:203)
at org.testng.internal.invokers.TestMethodWorker.invokeTestMethods(TestMethodWorker.java:154)
at org.testng.internal.invokers.TestMethodWorker.run(TestMethodWorker.java:134)
at java.base/java.util.ArrayList.forEach(ArrayList.java:1604)
at org.testng.TestRunner.privateRun(TestRunner.java:744)
at org.testng.TestRunner.run(TestRunner.java:616)
at org.testng.SuiteRunner.runTest(SuiteRunner.java:421)
at org.testng.SuiteRunner.runSequentially(SuiteRunner.java:413)
at org.testng.SuiteRunner.privateRun(SuiteRunner.java:373)
at org.testng.SuiteRunner.run(SuiteRunner.java:312)
at org.testng.SuiteRunnerWorker.runSuite(SuiteRunnerWorker.java:52)
at org.testng.SuiteRunnerWorker.run(SuiteRunnerWorker.java:95)
at org.testng.TestNG.runSuitesSequentially(TestNG.java:1274)
at org.testng.TestNG.runSuitesLocally(TestNG.java:1208)
at org.testng.TestNG.runSuites(TestNG.java:1112)
at org.testng.TestNG.run(TestNG.java:1079)
at org.testng.remote.AbstractRemoteTestNG.run(AbstractRemoteTestNG.java:115)
at org.testng.remote.RemoteTestNG.initAndRun(RemoteTestNG.java:293)
at org.testng.remote.RemoteTestNG.main(RemoteTestNG.java:91)
]]>
            </full-stacktrace>
          </exception> <!-- java.lang.AssertionError -->
          <reporter-output>
          </reporter-output>
        </test-method> <!-- TC03 -->
        <test-method is-config="true" signature="afterMethod()[pri:0, instance:Railway.LoginTest@47af7f3d]" started-at="2026-02-06T16:14:40 GMT+07:00" name="afterMethod" finished-at="2026-02-06T16:14:40 GMT+07:00" duration-ms="2" status="PASS">
          <reporter-output>
          </reporter-output>
        </test-method> <!-- afterMethod -->
        <test-method is-config="true" signature="beforeMethod()[pri:0, instance:Railway.LoginTest@47af7f3d]" started-at="2026-02-06T16:14:40 GMT+07:00" name="beforeMethod" finished-at="2026-02-06T16:14:41 GMT+07:00" duration-ms="1211" status="PASS">
          <reporter-output>
          </reporter-output>
        </test-method> <!-- beforeMethod -->
        <test-method signature="TC04()[pri:0, instance:Railway.LoginTest@47af7f3d]" started-at="2026-02-06T16:14:41 GMT+07:00" name="TC04" finished-at="2026-02-06T16:14:47 GMT+07:00" duration-ms="5792" status="FAIL">
          <exception class="java.lang.AssertionError">
            <message>
              <![CDATA[Error message at attempt 1 is incorrect expected [Invalid username or password. Please try again] but found [Invalid username or password. Please try again.]]]>
            </message>
            <full-stacktrace>
              <![CDATA[java.lang.AssertionError: Error message at attempt 1 is incorrect expected [Invalid username or password. Please try again] but found [Invalid username or password. Please try again.]
at org.testng.Assert.fail(Assert.java:111)
at org.testng.Assert.failNotEquals(Assert.java:1590)
at org.testng.Assert.assertEqualsImpl(Assert.java:150)
at org.testng.Assert.assertEquals(Assert.java:132)
at org.testng.Assert.assertEquals(Assert.java:656)
at Railway.LoginTest.TC04(LoginTest.java:129)
at java.base/jdk.internal.reflect.DirectMethodHandleAccessor.invoke(DirectMethodHandleAccessor.java:104)
at java.base/java.lang.reflect.Method.invoke(Method.java:565)
at org.testng.internal.invokers.MethodInvocationHelper.invokeMethod(MethodInvocationHelper.java:141)
at org.testng.internal.invokers.TestInvoker.invokeMethod(TestInvoker.java:697)
at org.testng.internal.invokers.TestInvoker.invokeTestMethod(TestInvoker.java:230)
at org.testng.internal.invokers.MethodRunner.runInSequence(MethodRunner.java:63)
at org.testng.internal.invokers.TestInvoker$MethodInvocationAgent.invoke(TestInvoker.java:1005)
at org.testng.internal.invokers.TestInvoker.invokeTestMethods(TestInvoker.java:203)
at org.testng.internal.invokers.TestMethodWorker.invokeTestMethods(TestMethodWorker.java:154)
at org.testng.internal.invokers.TestMethodWorker.run(TestMethodWorker.java:134)
at java.base/java.util.ArrayList.forEach(ArrayList.java:1604)
at org.testng.TestRunner.privateRun(TestRunner.java:744)
at org.testng.TestRunner.run(TestRunner.java:616)
at org.testng.SuiteRunner.runTest(SuiteRunner.java:421)
at org.testng.SuiteRunner.runSequentially(SuiteRunner.java:413)
at org.testng.SuiteRunner.privateRun(SuiteRunner.java:373)
at org.testng.SuiteRunner.run(SuiteRunner.java:312)
at org.testng.SuiteRunnerWorker.runSuite(SuiteRunnerWorker.java:52)
at org.testng.SuiteRunnerWorker.run(SuiteRunnerWorker.java:95)
at org.testng.TestNG.runSuitesSequentially(TestNG.java:1274)
at org.testng.TestNG.runSuitesLocally(TestNG.java:1208)
at org.testng.TestNG.runSuites(TestNG.java:1112)
at org.testng.TestNG.run(TestNG.java:1079)
at org.testng.remote.AbstractRemoteTestNG.run(AbstractRemoteTestNG.java:115)
at org.testng.remote.RemoteTestNG.initAndRun(RemoteTestNG.java:293)
at org.testng.remote.RemoteTestNG.main(RemoteTestNG.java:91)
]]>
            </full-stacktrace>
          </exception> <!-- java.lang.AssertionError -->
          <reporter-output>
          </reporter-output>
        </test-method> <!-- TC04 -->
        <test-method is-config="true" signature="afterMethod()[pri:0, instance:Railway.LoginTest@47af7f3d]" started-at="2026-02-06T16:14:47 GMT+07:00" name="afterMethod" finished-at="2026-02-06T16:14:47 GMT+07:00" duration-ms="1" status="PASS">
          <reporter-output>
          </reporter-output>
        </test-method> <!-- afterMethod -->
        <test-method is-config="true" signature="beforeMethod()[pri:0, instance:Railway.LoginTest@47af7f3d]" started-at="2026-02-06T16:14:47 GMT+07:00" name="beforeMethod" finished-at="2026-02-06T16:14:48 GMT+07:00" duration-ms="1237" status="PASS">
          <reporter-output>
          </reporter-output>
        </test-method> <!-- beforeMethod -->
        <test-method signature="TC05()[pri:0, instance:Railway.LoginTest@47af7f3d]" started-at="2026-02-06T16:14:48 GMT+07:00" name="TC05" finished-at="2026-02-06T16:14:56 GMT+07:00" duration-ms="8001" status="PASS">
          <reporter-output>
          </reporter-output>
        </test-method> <!-- TC05 -->
        <test-method is-config="true" signature="afterMethod()[pri:0, instance:Railway.LoginTest@47af7f3d]" started-at="2026-02-06T16:14:56 GMT+07:00" name="afterMethod" finished-at="2026-02-06T16:14:56 GMT+07:00" duration-ms="1" status="PASS">
          <reporter-output>
          </reporter-output>
        </test-method> <!-- afterMethod -->
      </class> <!-- Railway.LoginTest -->
    </test> <!-- Default test -->
  </suite> <!-- Default suite -->
</testng-results>
