<?xml version="1.0" encoding="UTF-8"?>
<testng-results ignored="0" total="4" passed="3" failed="1" skipped="0">
  <reporter-output>
  </reporter-output>
  <suite started-at="2026-02-23T02:30:58 GMT+07:00" name="Default suite" finished-at="2026-02-23T02:33:18 GMT+07:00" duration-ms="140724">
    <groups>
    </groups>
    <test started-at="2026-02-23T02:30:58 GMT+07:00" name="Default test" finished-at="2026-02-23T02:33:18 GMT+07:00" duration-ms="140724">
      <class name="Railway.BookTicketTest">
        <test-method is-config="true" signature="beforeMethod(java.lang.String)[pri:0, instance:Railway.BookTicketTest@359f7cdf]" started-at="2026-02-23T02:30:58 GMT+07:00" name="beforeMethod" finished-at="2026-02-23T02:31:01 GMT+07:00" duration-ms="2960" status="PASS">
          <params>
            <param index="0">
              <value>
                <![CDATA[chrome]]>
              </value>
            </param>
          </params>
          <reporter-output>
          </reporter-output>
        </test-method> <!-- beforeMethod -->
        <test-method signature="TC012()[pri:0, instance:Railway.BookTicketTest@359f7cdf]" started-at="2026-02-23T02:31:01 GMT+07:00" name="TC012" finished-at="2026-02-23T02:31:32 GMT+07:00" duration-ms="31521" status="PASS">
          <reporter-output>
          </reporter-output>
        </test-method> <!-- TC012 -->
        <test-method is-config="true" signature="afterMethod()[pri:0, instance:Railway.BookTicketTest@359f7cdf]" started-at="2026-02-23T02:31:32 GMT+07:00" name="afterMethod" finished-at="2026-02-23T02:31:32 GMT+07:00" duration-ms="1" status="PASS">
          <reporter-output>
          </reporter-output>
        </test-method> <!-- afterMethod -->
        <test-method is-config="true" signature="beforeMethod(java.lang.String)[pri:0, instance:Railway.BookTicketTest@359f7cdf]" started-at="2026-02-23T02:31:32 GMT+07:00" name="beforeMethod" finished-at="2026-02-23T02:31:33 GMT+07:00" duration-ms="1284" status="PASS">
          <params>
            <param index="0">
              <value>
                <![CDATA[chrome]]>
              </value>
            </param>
          </params>
          <reporter-output>
          </reporter-output>
        </test-method> <!-- beforeMethod -->
        <test-method signature="TC013()[pri:0, instance:Railway.BookTicketTest@359f7cdf]" started-at="2026-02-23T02:31:33 GMT+07:00" name="TC013" finished-at="2026-02-23T02:32:08 GMT+07:00" duration-ms="34979" status="PASS">
          <reporter-output>
          </reporter-output>
        </test-method> <!-- TC013 -->
        <test-method is-config="true" signature="afterMethod()[pri:0, instance:Railway.BookTicketTest@359f7cdf]" started-at="2026-02-23T02:32:08 GMT+07:00" name="afterMethod" finished-at="2026-02-23T02:32:08 GMT+07:00" duration-ms="1" status="PASS">
          <reporter-output>
          </reporter-output>
        </test-method> <!-- afterMethod -->
        <test-method is-config="true" signature="beforeMethod(java.lang.String)[pri:0, instance:Railway.BookTicketTest@359f7cdf]" started-at="2026-02-23T02:32:08 GMT+07:00" name="beforeMethod" finished-at="2026-02-23T02:32:10 GMT+07:00" duration-ms="1299" status="PASS">
          <params>
            <param index="0">
              <value>
                <![CDATA[chrome]]>
              </value>
            </param>
          </params>
          <reporter-output>
          </reporter-output>
        </test-method> <!-- beforeMethod -->
        <test-method signature="TC014()[pri:0, instance:Railway.BookTicketTest@359f7cdf]" started-at="2026-02-23T02:32:10 GMT+07:00" name="TC014" finished-at="2026-02-23T02:32:45 GMT+07:00" duration-ms="35140" status="PASS">
          <reporter-output>
          </reporter-output>
        </test-method> <!-- TC014 -->
        <test-method is-config="true" signature="afterMethod()[pri:0, instance:Railway.BookTicketTest@359f7cdf]" started-at="2026-02-23T02:32:45 GMT+07:00" name="afterMethod" finished-at="2026-02-23T02:32:45 GMT+07:00" duration-ms="1" status="PASS">
          <reporter-output>
          </reporter-output>
        </test-method> <!-- afterMethod -->
        <test-method is-config="true" signature="beforeMethod(java.lang.String)[pri:0, instance:Railway.BookTicketTest@359f7cdf]" started-at="2026-02-23T02:32:45 GMT+07:00" name="beforeMethod" finished-at="2026-02-23T02:32:46 GMT+07:00" duration-ms="1218" status="PASS">
          <params>
            <param index="0">
              <value>
                <![CDATA[chrome]]>
              </value>
            </param>
          </params>
          <reporter-output>
          </reporter-output>
        </test-method> <!-- beforeMethod -->
        <test-method signature="TC015()[pri:0, instance:Railway.BookTicketTest@359f7cdf]" started-at="2026-02-23T02:32:46 GMT+07:00" name="TC015" finished-at="2026-02-23T02:33:18 GMT+07:00" duration-ms="32208" status="FAIL">
          <exception class="org.openqa.selenium.NoSuchElementException">
            <message>
              <![CDATA[Cannot locate option with text: 2/24/2026
For documentation on this error, please visit: https://www.selenium.dev/documentation/webdriver/troubleshooting/errors#nosuchelementexception
Build info: version: '4.40.0', revision: 'b3333f1'
System info: os.name: 'Windows 11', os.arch: 'amd64', os.version: '10.0', java.version: '25.0.2'
Driver info: driver.version: unknown]]>
            </message>
            <full-stacktrace>
              <![CDATA[org.openqa.selenium.NoSuchElementException: Cannot locate option with text: 2/24/2026
For documentation on this error, please visit: https://www.selenium.dev/documentation/webdriver/troubleshooting/errors#nosuchelementexception
Build info: version: '4.40.0', revision: 'b3333f1'
System info: os.name: 'Windows 11', os.arch: 'amd64', os.version: '10.0', java.version: '25.0.2'
Driver info: driver.version: unknown
at org.openqa.selenium.support.ui.Select.selectByVisibleText(Select.java:400)
at org.openqa.selenium.support.ui.Select.selectByVisibleText(Select.java:128)
at Common.Utilities.selectByVisibleText(Utilities.java:201)
at Railway.BookTicketPage.bookTicket(BookTicketPage.java:47)
at Railway.BookTicketTest.TC015(BookTicketTest.java:247)
at java.base/jdk.internal.reflect.DirectMethodHandleAccessor.invoke(DirectMethodHandleAccessor.java:104)
at java.base/java.lang.reflect.Method.invoke(Method.java:565)
at org.testng.internal.invokers.MethodInvocationHelper.invokeMethod(MethodInvocationHelper.java:141)
at org.testng.internal.invokers.TestInvoker.invokeMethod(TestInvoker.java:697)
at org.testng.internal.invokers.TestInvoker.invokeTestMethod(TestInvoker.java:230)
at org.testng.internal.invokers.MethodRunner.runInSequence(MethodRunner.java:63)
at org.testng.internal.invokers.TestInvoker$MethodInvocationAgent.invoke(TestInvoker.java:1005)
at org.testng.internal.invokers.TestInvoker.invokeTestMethods(TestInvoker.java:203)
at org.testng.internal.invokers.TestMethodWorker.invokeTestMethods(TestMethodWorker.java:154)
at org.testng.internal.invokers.TestMethodWorker.run(TestMethodWorker.java:134)
at java.base/java.util.ArrayList.forEach(ArrayList.java:1604)
at org.testng.TestRunner.privateRun(TestRunner.java:744)
at org.testng.TestRunner.run(TestRunner.java:616)
at org.testng.SuiteRunner.runTest(SuiteRunner.java:421)
at org.testng.SuiteRunner.runSequentially(SuiteRunner.java:413)
at org.testng.SuiteRunner.privateRun(SuiteRunner.java:373)
at org.testng.SuiteRunner.run(SuiteRunner.java:312)
at org.testng.SuiteRunnerWorker.runSuite(SuiteRunnerWorker.java:52)
at org.testng.SuiteRunnerWorker.run(SuiteRunnerWorker.java:95)
at org.testng.TestNG.runSuitesSequentially(TestNG.java:1274)
at org.testng.TestNG.runSuitesLocally(TestNG.java:1208)
at org.testng.TestNG.runSuites(TestNG.java:1112)
at org.testng.TestNG.run(TestNG.java:1079)
at org.testng.remote.AbstractRemoteTestNG.run(AbstractRemoteTestNG.java:115)
at org.testng.remote.RemoteTestNG.initAndRun(RemoteTestNG.java:293)
at org.testng.remote.RemoteTestNG.main(RemoteTestNG.java:91)
]]>
            </full-stacktrace>
          </exception> <!-- org.openqa.selenium.NoSuchElementException -->
          <reporter-output>
          </reporter-output>
        </test-method> <!-- TC015 -->
        <test-method is-config="true" signature="afterMethod()[pri:0, instance:Railway.BookTicketTest@359f7cdf]" started-at="2026-02-23T02:33:18 GMT+07:00" name="afterMethod" finished-at="2026-02-23T02:33:18 GMT+07:00" duration-ms="0" status="PASS">
          <reporter-output>
          </reporter-output>
        </test-method> <!-- afterMethod -->
      </class> <!-- Railway.BookTicketTest -->
    </test> <!-- Default test -->
  </suite> <!-- Default suite -->
</testng-results>
