<?xml version="1.0" encoding="UTF-8"?>
<testng-results ignored="0" total="1" passed="1" failed="0" skipped="0">
  <reporter-output>
  </reporter-output>
  <suite started-at="2026-02-03T16:58:18 ICT" name="Default suite" finished-at="2026-02-03T16:58:28 ICT" duration-ms="10626">
    <groups>
    </groups>
    <test started-at="2026-02-03T16:58:18 ICT" name="Default test" finished-at="2026-02-03T16:58:28 ICT" duration-ms="10626">
      <class name="Railway.LoginTest">
        <test-method is-config="true" signature="beforeMethod()[pri:0, instance:Railway.LoginTest@175c2241]" started-at="2026-02-03T16:58:18 ICT" name="beforeMethod" finished-at="2026-02-03T16:58:23 ICT" duration-ms="5223" status="PASS">
          <reporter-output>
          </reporter-output>
        </test-method> <!-- beforeMethod -->
        <test-method signature="TC01()[pri:0, instance:Railway.LoginTest@175c2241]" started-at="2026-02-03T16:58:23 ICT" name="TC01" finished-at="2026-02-03T16:58:28 ICT" duration-ms="4950" status="PASS">
          <reporter-output>
          </reporter-output>
        </test-method> <!-- TC01 -->
        <test-method is-config="true" signature="afterMethod()[pri:0, instance:Railway.LoginTest@175c2241]" started-at="2026-02-03T16:58:28 ICT" name="afterMethod" finished-at="2026-02-03T16:58:28 ICT" duration-ms="383" status="PASS">
          <reporter-output>
          </reporter-output>
        </test-method> <!-- afterMethod -->
      </class> <!-- Railway.LoginTest -->
    </test> <!-- Default test -->
  </suite> <!-- Default suite -->
</testng-results>
