<?xml version="1.0" encoding="UTF-8"?>
<testng-results ignored="0" total="1" passed="1" failed="0" skipped="0">
  <reporter-output>
  </reporter-output>
  <suite started-at="2026-02-09T17:20:03 GMT+07:00" name="Default suite" finished-at="2026-02-09T17:20:23 GMT+07:00" duration-ms="19590">
    <groups>
    </groups>
    <test started-at="2026-02-09T17:20:03 GMT+07:00" name="Default test" finished-at="2026-02-09T17:20:23 GMT+07:00" duration-ms="19590">
      <class name="Railway.BookTicketTest">
        <test-method is-config="true" signature="beforeMethod()[pri:0, instance:Railway.BookTicketTest@47af7f3d]" started-at="2026-02-09T17:20:03 GMT+07:00" name="beforeMethod" finished-at="2026-02-09T17:20:14 GMT+07:00" duration-ms="11235" status="PASS">
          <reporter-output>
          </reporter-output>
        </test-method> <!-- beforeMethod -->
        <test-method signature="TC012()[pri:0, instance:Railway.BookTicketTest@47af7f3d]" started-at="2026-02-09T17:20:14 GMT+07:00" name="TC012" finished-at="2026-02-09T17:20:23 GMT+07:00" duration-ms="8280" status="PASS">
          <reporter-output>
          </reporter-output>
        </test-method> <!-- TC012 -->
        <test-method is-config="true" signature="afterMethod()[pri:0, instance:Railway.BookTicketTest@47af7f3d]" started-at="2026-02-09T17:20:23 GMT+07:00" name="afterMethod" finished-at="2026-02-09T17:20:23 GMT+07:00" duration-ms="1" status="PASS">
          <reporter-output>
          </reporter-output>
        </test-method> <!-- afterMethod -->
      </class> <!-- Railway.BookTicketTest -->
    </test> <!-- Default test -->
  </suite> <!-- Default suite -->
</testng-results>
